TN:
SF:controllers\paymentController.js
FN:7,handleGoogleLogin
FN:26,createPaymentIntent
FN:64,handleWebhook
FNF:3
FNH:2
FNDA:1,handleGoogleLogin
FNDA:2,createPaymentIntent
FNDA:0,handleWebhook
DA:1,1
DA:2,1
DA:3,1
DA:4,1
DA:5,1
DA:6,1
DA:7,1
DA:8,1
DA:9,1
DA:10,1
DA:11,0
DA:12,0
DA:13,1
DA:14,1
DA:15,1
DA:16,1
DA:17,1
DA:18,1
DA:19,1
DA:20,1
DA:21,1
DA:22,0
DA:23,0
DA:24,1
DA:25,1
DA:26,1
DA:27,2
DA:28,2
DA:29,2
DA:30,2
DA:31,1
DA:32,1
DA:33,1
DA:34,2
DA:35,0
DA:36,0
DA:37,1
DA:38,1
DA:39,1
DA:40,1
DA:41,1
DA:42,2
DA:43,1
DA:44,1
DA:45,1
DA:46,1
DA:47,1
DA:48,1
DA:49,1
DA:50,1
DA:51,1
DA:52,1
DA:53,1
DA:54,1
DA:55,1
DA:56,1
DA:57,1
DA:58,1
DA:59,2
DA:60,0
DA:61,0
DA:62,2
DA:63,1
DA:64,1
DA:65,0
DA:66,0
DA:67,0
DA:68,0
DA:69,0
DA:70,0
DA:71,1
DA:72,1
LF:72
LH:58
BRDA:7,0,0,1
BRDA:10,1,0,0
BRDA:21,2,0,0
BRDA:26,3,0,2
BRDA:30,4,0,1
BRDA:30,5,0,1
BRDA:30,6,0,1
BRDA:34,7,0,0
BRDA:36,8,0,1
BRDA:42,9,0,1
BRDA:59,10,0,0
BRF:11
BRH:7
end_of_record
TN:
SF:routes\paymentRoutes.js
FNF:0
FNH:0
DA:1,1
DA:2,1
DA:3,1
DA:4,1
DA:5,1
DA:6,1
DA:7,1
DA:8,1
DA:9,1
DA:10,1
DA:11,1
LF:11
LH:11
BRF:0
BRH:0
end_of_record
